The key points of this experiment: 复现SDCN
Namespace(clustering_tsne_save_path='./img/clustering/pretrain_ae_for_sdcn/acm/', clusters=3, dataset_name='acm', dataset_path='./', device='cuda', feature_heatmap_save_path='./img/heatmap/pretrain_ae_for_sdcn/acm/', input_dim=1870, is_change_root_path=False, is_pretrain=True, k=None, log_save_path='./logs/pretrain_ae_for_sdcn/acm/', loops=1, lr=0.001, max_epoch=50, model_name='pretrain_ae_for_sdcn', plot_clustering_tsne=False, plot_embedding_heatmap=False, pretrain_epochs=30, pretrain_save_path='./pretrain/pretrain_ae/SDCN/acm/', t=2, update_interval=1)
Training loop No.1
The pretrain .pkl file will be saved to the path: ./pretrain/pretrain_ae/SDCN/acm/acm.pkl
AE(
  (enc_1): Linear(in_features=1870, out_features=500, bias=True)
  (enc_2): Linear(in_features=500, out_features=500, bias=True)
  (enc_3): Linear(in_features=500, out_features=2000, bias=True)
  (z_layer): Linear(in_features=2000, out_features=10, bias=True)
  (dec_1): Linear(in_features=10, out_features=2000, bias=True)
  (dec_2): Linear(in_features=2000, out_features=500, bias=True)
  (dec_3): Linear(in_features=500, out_features=500, bias=True)
  (x_bar_layer): Linear(in_features=500, out_features=1870, bias=True)
)
epoch: 001		acc: 0.4172		nmi: 0.0552		ari: 0.0500		f1: 0.4192		
epoch: 002		acc: 0.4119		nmi: 0.0445		ari: 0.0398		f1: 0.4150		
epoch: 003		acc: 0.3831		nmi: 0.0208		ari: 0.0177		f1: 0.3843		
epoch: 004		acc: 0.3947		nmi: 0.0249		ari: 0.0211		f1: 0.3959		
epoch: 005		acc: 0.4086		nmi: 0.0365		ari: 0.0314		f1: 0.4113		
epoch: 006		acc: 0.4165		nmi: 0.0450		ari: 0.0376		f1: 0.4193		
epoch: 007		acc: 0.4344		nmi: 0.0631		ari: 0.0513		f1: 0.4388		
epoch: 008		acc: 0.4843		nmi: 0.1112		ari: 0.0976		f1: 0.4885		
epoch: 009		acc: 0.4754		nmi: 0.1726		ari: 0.1494		f1: 0.4832		
epoch: 010		acc: 0.5881		nmi: 0.2219		ari: 0.2444		f1: 0.5782		
epoch: 011		acc: 0.5931		nmi: 0.2151		ari: 0.2424		f1: 0.5814		
epoch: 012		acc: 0.6069		nmi: 0.2466		ari: 0.2688		f1: 0.5973		
epoch: 013		acc: 0.6212		nmi: 0.2619		ari: 0.2796		f1: 0.6122		
epoch: 014		acc: 0.6192		nmi: 0.2663		ari: 0.2814		f1: 0.6112		
epoch: 015		acc: 0.6641		nmi: 0.3003		ari: 0.3171		f1: 0.6565		
epoch: 016		acc: 0.7200		nmi: 0.3568		ari: 0.3732		f1: 0.7180		
epoch: 017		acc: 0.7689		nmi: 0.4101		ari: 0.4453		f1: 0.7698		
epoch: 018		acc: 0.7947		nmi: 0.4544		ari: 0.4911		f1: 0.7972		
epoch: 019		acc: 0.8060		nmi: 0.4735		ari: 0.5151		f1: 0.8080		
epoch: 020		acc: 0.8040		nmi: 0.4683		ari: 0.5105		f1: 0.8057		
epoch: 021		acc: 0.7977		nmi: 0.4627		ari: 0.4949		f1: 0.8004		
epoch: 022		acc: 0.7858		nmi: 0.4449		ari: 0.4740		f1: 0.7879		
epoch: 023		acc: 0.8122		nmi: 0.4846		ari: 0.5283		f1: 0.8138		
epoch: 024		acc: 0.7864		nmi: 0.4501		ari: 0.4790		f1: 0.7885		
epoch: 025		acc: 0.8060		nmi: 0.4746		ari: 0.5137		f1: 0.8079		
epoch: 026		acc: 0.7894		nmi: 0.4498		ari: 0.4832		f1: 0.7917		
epoch: 027		acc: 0.7855		nmi: 0.4453		ari: 0.4750		f1: 0.7883		
epoch: 028		acc: 0.8003		nmi: 0.4644		ari: 0.4993		f1: 0.8027		
epoch: 029		acc: 0.7960		nmi: 0.4583		ari: 0.4941		f1: 0.7982		
epoch: 030		acc: 0.7911		nmi: 0.4537		ari: 0.4833		f1: 0.7940		
Time assuming: 14.37s or 0.24m
Total loops: 1
Mean value:
acc: 0.8122±0.0000		nmi: 0.4846±0.0000		ari: 0.5283±0.0000		f1: 0.8138±0.0000
Training over! Punch out!
