The key points of this experiment: 复现SDCN
Namespace(clustering_tsne_save_path='./img/clustering/pretrain_ae_for_sdcn/acm/', clusters=3, dataset_name='acm', dataset_path='./', device='cuda', feature_heatmap_save_path='./img/heatmap/pretrain_ae_for_sdcn/acm/', input_dim=1870, is_change_root_path=False, is_pretrain=True, k=None, log_save_path='./logs/pretrain_ae_for_sdcn/acm/', loops=1, lr=0.001, max_epoch=50, model_name='pretrain_ae_for_sdcn', plot_clustering_tsne=False, plot_embedding_heatmap=False, pretrain_epochs=30, pretrain_save_path='./pretrain/pretrain_ae/SDCN/acm/', t=2, update_interval=1)
Training loop No.1
The pretrain .pkl file will be saved to the path: ./pretrain/pretrain_ae/SDCN/acm/acm.pkl
AE(
  (enc_1): Linear(in_features=1870, out_features=500, bias=True)
  (enc_2): Linear(in_features=500, out_features=500, bias=True)
  (enc_3): Linear(in_features=500, out_features=2000, bias=True)
  (z_layer): Linear(in_features=2000, out_features=10, bias=True)
  (dec_1): Linear(in_features=10, out_features=2000, bias=True)
  (dec_2): Linear(in_features=2000, out_features=500, bias=True)
  (dec_3): Linear(in_features=500, out_features=500, bias=True)
  (x_bar_layer): Linear(in_features=500, out_features=1870, bias=True)
)
epoch: 001		acc: 0.4218		nmi: 0.0624		ari: 0.0526		f1: 0.4256		
epoch: 002		acc: 0.3983		nmi: 0.0379		ari: 0.0339		f1: 0.4005		
epoch: 003		acc: 0.4036		nmi: 0.0299		ari: 0.0245		f1: 0.4042		
epoch: 004		acc: 0.3964		nmi: 0.0262		ari: 0.0217		f1: 0.3969		
epoch: 005		acc: 0.4122		nmi: 0.0367		ari: 0.0315		f1: 0.4139		
epoch: 006		acc: 0.4261		nmi: 0.0492		ari: 0.0415		f1: 0.4273		
epoch: 007		acc: 0.4456		nmi: 0.0644		ari: 0.0551		f1: 0.4475		
epoch: 008		acc: 0.4579		nmi: 0.0768		ari: 0.0639		f1: 0.4611		
epoch: 009		acc: 0.4876		nmi: 0.1019		ari: 0.0909		f1: 0.4886		
epoch: 010		acc: 0.5693		nmi: 0.1785		ari: 0.2052		f1: 0.5589		
epoch: 011		acc: 0.5977		nmi: 0.2133		ari: 0.2383		f1: 0.5874		
epoch: 012		acc: 0.5993		nmi: 0.2300		ari: 0.2530		f1: 0.5871		
epoch: 013		acc: 0.6423		nmi: 0.2661		ari: 0.2831		f1: 0.6359		
epoch: 014		acc: 0.6790		nmi: 0.3017		ari: 0.3218		f1: 0.6737		
epoch: 015		acc: 0.7078		nmi: 0.3401		ari: 0.3535		f1: 0.7059		
epoch: 016		acc: 0.7755		nmi: 0.4324		ari: 0.4550		f1: 0.7790		
epoch: 017		acc: 0.7726		nmi: 0.4285		ari: 0.4519		f1: 0.7756		
epoch: 018		acc: 0.7874		nmi: 0.4461		ari: 0.4802		f1: 0.7898		
epoch: 019		acc: 0.7501		nmi: 0.4026		ari: 0.4124		f1: 0.7523		
epoch: 020		acc: 0.7461		nmi: 0.3809		ari: 0.4010		f1: 0.7477		
epoch: 021		acc: 0.7570		nmi: 0.4007		ari: 0.4193		f1: 0.7587		
epoch: 022		acc: 0.7398		nmi: 0.3772		ari: 0.3941		f1: 0.7404		
epoch: 023		acc: 0.7316		nmi: 0.3702		ari: 0.3778		f1: 0.7329		
epoch: 024		acc: 0.7369		nmi: 0.3699		ari: 0.3862		f1: 0.7380		
epoch: 025		acc: 0.7656		nmi: 0.4082		ari: 0.4323		f1: 0.7673		
epoch: 026		acc: 0.7451		nmi: 0.3950		ari: 0.4043		f1: 0.7460		
epoch: 027		acc: 0.7650		nmi: 0.4166		ari: 0.4333		f1: 0.7664		
epoch: 028		acc: 0.7418		nmi: 0.3892		ari: 0.3964		f1: 0.7427		
epoch: 029		acc: 0.7448		nmi: 0.3780		ari: 0.3951		f1: 0.7458		
epoch: 030		acc: 0.7395		nmi: 0.3832		ari: 0.3901		f1: 0.7400		
Time assuming: 14.77s or 0.25m
Total loops: 1
Mean value:
acc: 0.7874±0.0000		nmi: 0.4461±0.0000		ari: 0.4802±0.0000		f1: 0.7898±0.0000
Training over! Punch out!
