The key points of this experiment: 复现SDCN
Namespace(clustering_tsne_save_path='./img/clustering/SDCN/acm/', clusters=3, dataset_name='acm', dataset_path='./', device='cuda', feature_heatmap_save_path='./img/heatmap/SDCN/acm/', input_dim=1870, is_change_root_path=False, is_pretrain=False, k=None, log_save_path='./logs/SDCN/acm/', loops=1, lr=0.001, max_epoch=50, model_name='SDCN', plot_clustering_tsne=True, plot_embedding_heatmap=False, pretrain_epochs=30, pretrain_save_path='./pretrain/pretrain_ae/SDCN/acm/', t=2, update_interval=1)
Training loop No.1
The total number of parameters is: 6.62294M(1e6).
epoch: 001		acc: 0.4502		nmi: 0.1121		ari: 0.0776		f1: 0.4091		
epoch: 002		acc: 0.4863		nmi: 0.1098		ari: 0.0523		f1: 0.4233		
epoch: 003		acc: 0.4208		nmi: 0.0777		ari: 0.0251		f1: 0.3026		
epoch: 004		acc: 0.5471		nmi: 0.2336		ari: 0.1872		f1: 0.4450		
epoch: 005		acc: 0.6126		nmi: 0.3205		ari: 0.3267		f1: 0.5629		
epoch: 006		acc: 0.6208		nmi: 0.3397		ari: 0.3373		f1: 0.6035		
epoch: 007		acc: 0.7031		nmi: 0.4087		ari: 0.3913		f1: 0.6951		
epoch: 008		acc: 0.6985		nmi: 0.4525		ari: 0.3979		f1: 0.6899		
epoch: 009		acc: 0.6555		nmi: 0.4499		ari: 0.3714		f1: 0.6418		
epoch: 010		acc: 0.6787		nmi: 0.4683		ari: 0.3947		f1: 0.6637		
epoch: 011		acc: 0.7388		nmi: 0.5070		ari: 0.4609		f1: 0.7275		
epoch: 012		acc: 0.8023		nmi: 0.5432		ari: 0.5407		f1: 0.7972		
epoch: 013		acc: 0.8460		nmi: 0.5820		ari: 0.6131		f1: 0.8441		
epoch: 014		acc: 0.8565		nmi: 0.5875		ari: 0.6316		f1: 0.8555		
epoch: 015		acc: 0.8598		nmi: 0.5995		ari: 0.6405		f1: 0.8583		
epoch: 016		acc: 0.8602		nmi: 0.6157		ari: 0.6447		f1: 0.8577		
epoch: 017		acc: 0.8638		nmi: 0.6231		ari: 0.6525		f1: 0.8614		
epoch: 018		acc: 0.8681		nmi: 0.6155		ari: 0.6583		f1: 0.8670		
epoch: 019		acc: 0.8737		nmi: 0.6197		ari: 0.6685		f1: 0.8725		
epoch: 020		acc: 0.8628		nmi: 0.6082		ari: 0.6470		f1: 0.8598		
epoch: 021		acc: 0.8443		nmi: 0.5909		ari: 0.6127		f1: 0.8385		
epoch: 022		acc: 0.8555		nmi: 0.5936		ari: 0.6296		f1: 0.8515		
epoch: 023		acc: 0.8625		nmi: 0.6040		ari: 0.6447		f1: 0.8597		
epoch: 024		acc: 0.8645		nmi: 0.6238		ari: 0.6537		f1: 0.8620		
epoch: 025		acc: 0.8691		nmi: 0.6190		ari: 0.6601		f1: 0.8673		
epoch: 026		acc: 0.8602		nmi: 0.6030		ari: 0.6407		f1: 0.8573		
epoch: 027		acc: 0.8542		nmi: 0.6053		ari: 0.6324		f1: 0.8505		
epoch: 028		acc: 0.8701		nmi: 0.6249		ari: 0.6634		f1: 0.8683		
epoch: 029		acc: 0.8658		nmi: 0.6145		ari: 0.6537		f1: 0.8635		
epoch: 030		acc: 0.8519		nmi: 0.6010		ari: 0.6278		f1: 0.8476		
epoch: 031		acc: 0.8512		nmi: 0.5984		ari: 0.6261		f1: 0.8467		
epoch: 032		acc: 0.8605		nmi: 0.6059		ari: 0.6429		f1: 0.8575		
epoch: 033		acc: 0.8602		nmi: 0.6042		ari: 0.6420		f1: 0.8573		
epoch: 034		acc: 0.8575		nmi: 0.5991		ari: 0.6364		f1: 0.8541		
epoch: 035		acc: 0.8539		nmi: 0.5955		ari: 0.6298		f1: 0.8500		
epoch: 036		acc: 0.8585		nmi: 0.6029		ari: 0.6391		f1: 0.8551		
epoch: 037		acc: 0.8628		nmi: 0.6070		ari: 0.6473		f1: 0.8600		
epoch: 038		acc: 0.8559		nmi: 0.5991		ari: 0.6341		f1: 0.8522		
epoch: 039		acc: 0.8545		nmi: 0.5946		ari: 0.6305		f1: 0.8508		
epoch: 040		acc: 0.8559		nmi: 0.5987		ari: 0.6338		f1: 0.8522		
epoch: 041		acc: 0.8575		nmi: 0.5989		ari: 0.6363		f1: 0.8542		
epoch: 042		acc: 0.8489		nmi: 0.5897		ari: 0.6205		f1: 0.8446		
epoch: 043		acc: 0.8529		nmi: 0.5917		ari: 0.6271		f1: 0.8491		
epoch: 044		acc: 0.8496		nmi: 0.5886		ari: 0.6214		f1: 0.8456		
epoch: 045		acc: 0.8545		nmi: 0.5916		ari: 0.6300		f1: 0.8513		
epoch: 046		acc: 0.8466		nmi: 0.5845		ari: 0.6159		f1: 0.8422		
epoch: 047		acc: 0.8499		nmi: 0.5856		ari: 0.6213		f1: 0.8463		
epoch: 048		acc: 0.8502		nmi: 0.5855		ari: 0.6219		f1: 0.8467		
epoch: 049		acc: 0.8486		nmi: 0.5832		ari: 0.6187		f1: 0.8449		
epoch: 050		acc: 0.8469		nmi: 0.5797		ari: 0.6151		f1: 0.8429		
==========正在绘图==========
==========绘图结束==========
The .pdf image was saved to: ./img/clustering/SDCN/acm/.PDF
Time assuming: 32.96s or 0.55m
Total loops: 1
Mean value:
acc: 0.8737±0.0000		nmi: 0.6197±0.0000		ari: 0.6685±0.0000		f1: 0.8725±0.0000
Training over! Punch out!
