The key points of this experiment: 复现SDCN
Namespace(clustering_tsne_save_path='./img/clustering/SDCN/acm/', clusters=3, dataset_name='acm', dataset_path='./', device='cuda', feature_heatmap_save_path='./img/heatmap/SDCN/acm/', input_dim=1870, is_change_root_path=False, is_pretrain=False, k=None, log_save_path='./logs/SDCN/acm/', loops=1, lr=0.001, max_epoch=50, model_name='SDCN', plot_clustering_tsne=True, plot_embedding_heatmap=False, pretrain_epochs=30, pretrain_save_path='./pretrain/pretrain_ae/SDCN/acm/', t=2, update_interval=1)
Training loop No.1
The total number of parameters is: 6.62294M(1e6).
epoch: 001		acc: 0.6195		nmi: 0.3368		ari: 0.2983		f1: 0.6022		
epoch: 002		acc: 0.6370		nmi: 0.4531		ari: 0.4041		f1: 0.5901		
epoch: 003		acc: 0.5160		nmi: 0.2190		ari: 0.1598		f1: 0.4882		
epoch: 004		acc: 0.3987		nmi: 0.1003		ari: 0.0134		f1: 0.3498		
epoch: 005		acc: 0.5309		nmi: 0.2789		ari: 0.1738		f1: 0.4555		
epoch: 006		acc: 0.6350		nmi: 0.4855		ari: 0.4230		f1: 0.5335		
epoch: 007		acc: 0.6453		nmi: 0.5279		ari: 0.4669		f1: 0.5406		
epoch: 008		acc: 0.6433		nmi: 0.4950		ari: 0.4537		f1: 0.5865		
epoch: 009		acc: 0.8212		nmi: 0.5418		ari: 0.5682		f1: 0.8151		
epoch: 010		acc: 0.7104		nmi: 0.5091		ari: 0.4728		f1: 0.6536		
epoch: 011		acc: 0.7203		nmi: 0.5240		ari: 0.4807		f1: 0.6727		
epoch: 012		acc: 0.6800		nmi: 0.5034		ari: 0.4645		f1: 0.6028		
epoch: 013		acc: 0.8073		nmi: 0.5730		ari: 0.5578		f1: 0.7973		
epoch: 014		acc: 0.6671		nmi: 0.4881		ari: 0.4552		f1: 0.5792		
epoch: 015		acc: 0.7412		nmi: 0.5317		ari: 0.4929		f1: 0.7061		
epoch: 016		acc: 0.8664		nmi: 0.6240		ari: 0.6562		f1: 0.8647		
epoch: 017		acc: 0.8337		nmi: 0.5885		ari: 0.5979		f1: 0.8280		
epoch: 018		acc: 0.7884		nmi: 0.5275		ari: 0.5221		f1: 0.7722		
epoch: 019		acc: 0.8122		nmi: 0.5546		ari: 0.5582		f1: 0.8018		
epoch: 020		acc: 0.8579		nmi: 0.6175		ari: 0.6411		f1: 0.8547		
epoch: 021		acc: 0.8579		nmi: 0.6156		ari: 0.6407		f1: 0.8548		
epoch: 022		acc: 0.8347		nmi: 0.5902		ari: 0.5998		f1: 0.8278		
epoch: 023		acc: 0.8172		nmi: 0.5610		ari: 0.5668		f1: 0.8065		
epoch: 024		acc: 0.8327		nmi: 0.5773		ari: 0.5922		f1: 0.8252		
epoch: 025		acc: 0.8648		nmi: 0.6189		ari: 0.6527		f1: 0.8612		
epoch: 026		acc: 0.8800		nmi: 0.6416		ari: 0.6845		f1: 0.8783		
epoch: 027		acc: 0.8698		nmi: 0.6232		ari: 0.6623		f1: 0.8667		
epoch: 028		acc: 0.8559		nmi: 0.6098		ari: 0.6356		f1: 0.8506		
epoch: 029		acc: 0.8473		nmi: 0.6044		ari: 0.6216		f1: 0.8404		
epoch: 030		acc: 0.8602		nmi: 0.6221		ari: 0.6463		f1: 0.8553		
epoch: 031		acc: 0.8628		nmi: 0.6206		ari: 0.6506		f1: 0.8588		
epoch: 032		acc: 0.8628		nmi: 0.6214		ari: 0.6506		f1: 0.8586		
epoch: 033		acc: 0.8549		nmi: 0.6078		ari: 0.6345		f1: 0.8492		
epoch: 034		acc: 0.8486		nmi: 0.5973		ari: 0.6219		f1: 0.8419		
epoch: 035		acc: 0.8536		nmi: 0.6052		ari: 0.6316		f1: 0.8484		
epoch: 036		acc: 0.8562		nmi: 0.6120		ari: 0.6376		f1: 0.8514		
epoch: 037		acc: 0.8529		nmi: 0.6057		ari: 0.6308		f1: 0.8478		
epoch: 038		acc: 0.8436		nmi: 0.5897		ari: 0.6126		f1: 0.8370		
epoch: 039		acc: 0.8393		nmi: 0.5791		ari: 0.6029		f1: 0.8318		
epoch: 040		acc: 0.8499		nmi: 0.5927		ari: 0.6224		f1: 0.8446		
epoch: 041		acc: 0.8555		nmi: 0.5992		ari: 0.6329		f1: 0.8513		
epoch: 042		acc: 0.8476		nmi: 0.5894		ari: 0.6182		f1: 0.8423		
epoch: 043		acc: 0.8350		nmi: 0.5717		ari: 0.5948		f1: 0.8277		
epoch: 044		acc: 0.8337		nmi: 0.5697		ari: 0.5924		f1: 0.8261		
epoch: 045		acc: 0.8393		nmi: 0.5755		ari: 0.6020		f1: 0.8331		
epoch: 046		acc: 0.8466		nmi: 0.5868		ari: 0.6161		f1: 0.8413		
epoch: 047		acc: 0.8397		nmi: 0.5740		ari: 0.6020		f1: 0.8333		
epoch: 048		acc: 0.8350		nmi: 0.5694		ari: 0.5938		f1: 0.8277		
epoch: 049		acc: 0.8403		nmi: 0.5751		ari: 0.6031		f1: 0.8343		
epoch: 050		acc: 0.8413		nmi: 0.5766		ari: 0.6054		f1: 0.8357		
==========正在绘图==========
