The key points of this experiment: 复现SDCN
Namespace(clustering_tsne_save_path='./img/clustering/SDCN/acm/', clusters=3, dataset_name='acm', dataset_path='./', device='cuda', feature_heatmap_save_path='./img/heatmap/SDCN/acm/', input_dim=1870, is_change_root_path=False, is_pretrain=False, k=None, log_save_path='./logs/SDCN/acm/', loops=1, lr=0.001, max_epoch=50, model_name='SDCN', plot_clustering_tsne=True, plot_embedding_heatmap=False, pretrain_epochs=30, pretrain_save_path='./pretrain/pretrain_ae/SDCN/acm/', t=2, update_interval=1)
Training loop No.1
The total number of parameters is: 6.62294M(1e6).
epoch: 001		acc: 0.5157		nmi: 0.1169		ari: 0.1104		f1: 0.4603		
epoch: 002		acc: 0.5375		nmi: 0.2415		ari: 0.2351		f1: 0.4486		
epoch: 003		acc: 0.5296		nmi: 0.3653		ari: 0.3155		f1: 0.4922		
epoch: 004		acc: 0.5722		nmi: 0.4164		ari: 0.3692		f1: 0.5261		
epoch: 005		acc: 0.6040		nmi: 0.4385		ari: 0.4182		f1: 0.5399		
epoch: 006		acc: 0.6185		nmi: 0.4498		ari: 0.4367		f1: 0.5423		
epoch: 007		acc: 0.6598		nmi: 0.4306		ari: 0.4181		f1: 0.6465		
epoch: 008		acc: 0.6909		nmi: 0.4651		ari: 0.4243		f1: 0.6586		
epoch: 009		acc: 0.6410		nmi: 0.5249		ari: 0.4404		f1: 0.5383		
epoch: 010		acc: 0.6420		nmi: 0.5331		ari: 0.4512		f1: 0.5343		
epoch: 011		acc: 0.6479		nmi: 0.5444		ari: 0.4730		f1: 0.5374		
epoch: 012		acc: 0.6512		nmi: 0.5418		ari: 0.4750		f1: 0.5427		
epoch: 013		acc: 0.6767		nmi: 0.5303		ari: 0.4737		f1: 0.5951		
epoch: 014		acc: 0.7745		nmi: 0.5412		ari: 0.5159		f1: 0.7517		
epoch: 015		acc: 0.8056		nmi: 0.5439		ari: 0.5456		f1: 0.7923		
epoch: 016		acc: 0.7838		nmi: 0.5304		ari: 0.5178		f1: 0.7639		
epoch: 017		acc: 0.7759		nmi: 0.5327		ari: 0.5145		f1: 0.7534		
epoch: 018		acc: 0.8271		nmi: 0.5603		ari: 0.5761		f1: 0.8179		
epoch: 019		acc: 0.8668		nmi: 0.6079		ari: 0.6523		f1: 0.8642		
epoch: 020		acc: 0.8671		nmi: 0.6142		ari: 0.6544		f1: 0.8644		
epoch: 021		acc: 0.8562		nmi: 0.5898		ari: 0.6275		f1: 0.8526		
epoch: 022		acc: 0.8717		nmi: 0.6226		ari: 0.6646		f1: 0.8701		
epoch: 023		acc: 0.8757		nmi: 0.6197		ari: 0.6708		f1: 0.8746		
epoch: 024		acc: 0.8598		nmi: 0.6021		ari: 0.6389		f1: 0.8570		
epoch: 025		acc: 0.8727		nmi: 0.6240		ari: 0.6664		f1: 0.8714		
epoch: 026		acc: 0.8797		nmi: 0.6304		ari: 0.6803		f1: 0.8792		
epoch: 027		acc: 0.8628		nmi: 0.6134		ari: 0.6476		f1: 0.8601		
epoch: 028		acc: 0.8618		nmi: 0.6059		ari: 0.6435		f1: 0.8592		
epoch: 029		acc: 0.8740		nmi: 0.6275		ari: 0.6706		f1: 0.8730		
epoch: 030		acc: 0.8664		nmi: 0.6174		ari: 0.6550		f1: 0.8642		
epoch: 031		acc: 0.8549		nmi: 0.5986		ari: 0.6314		f1: 0.8513		
epoch: 032		acc: 0.8592		nmi: 0.6045		ari: 0.6397		f1: 0.8562		
epoch: 033		acc: 0.8651		nmi: 0.6138		ari: 0.6524		f1: 0.8629		
epoch: 034		acc: 0.8575		nmi: 0.6033		ari: 0.6370		f1: 0.8541		
epoch: 035		acc: 0.8499		nmi: 0.5948		ari: 0.6231		f1: 0.8457		
epoch: 036		acc: 0.8559		nmi: 0.5984		ari: 0.6333		f1: 0.8526		
epoch: 037		acc: 0.8582		nmi: 0.6008		ari: 0.6377		f1: 0.8552		
epoch: 038		acc: 0.8529		nmi: 0.5942		ari: 0.6274		f1: 0.8493		
epoch: 039		acc: 0.8512		nmi: 0.5919		ari: 0.6241		f1: 0.8474		
epoch: 040		acc: 0.8536		nmi: 0.5949		ari: 0.6285		f1: 0.8500		
epoch: 041		acc: 0.8579		nmi: 0.5989		ari: 0.6365		f1: 0.8550		
epoch: 042		acc: 0.8532		nmi: 0.5921		ari: 0.6274		f1: 0.8499		
epoch: 043		acc: 0.8519		nmi: 0.5927		ari: 0.6254		f1: 0.8483		
epoch: 044		acc: 0.8575		nmi: 0.5969		ari: 0.6355		f1: 0.8549		
epoch: 045		acc: 0.8529		nmi: 0.5906		ari: 0.6268		f1: 0.8500		
epoch: 046		acc: 0.8489		nmi: 0.5844		ari: 0.6188		f1: 0.8455		
epoch: 047		acc: 0.8512		nmi: 0.5874		ari: 0.6233		f1: 0.8482		
epoch: 048		acc: 0.8552		nmi: 0.5878		ari: 0.6295		f1: 0.8529		
epoch: 049		acc: 0.8460		nmi: 0.5838		ari: 0.6143		f1: 0.8422		
epoch: 050		acc: 0.8512		nmi: 0.5848		ari: 0.6224		f1: 0.8483		
==========正在绘图==========
==========绘图结束==========
The .pdf image was saved to: ./img/clustering/SDCN/acm/acm.PDF
Time assuming: 31.79s or 0.53m
Total loops: 1
Mean value:
acc: 0.8797±0.0000		nmi: 0.6304±0.0000		ari: 0.6803±0.0000		f1: 0.8792±0.0000
Training over! Punch out!
