The key points of this experiment: 复现SDCN
Namespace(clustering_tsne_save_path='./img/clustering/SDCN/acm/', clusters=3, dataset_name='acm', dataset_path='./', device='cuda', feature_heatmap_save_path='./img/heatmap/SDCN/acm/', input_dim=1870, is_change_root_path=False, is_pretrain=False, k=None, log_save_path='./logs/SDCN/acm/', loops=1, lr=0.001, max_epoch=50, model_name='SDCN', plot_clustering_tsne=True, plot_embedding_heatmap=False, pretrain_epochs=30, pretrain_save_path='./pretrain/pretrain_ae/SDCN/acm/', t=2, update_interval=1)
Training loop No.1
The total number of parameters is: 6.62294M(1e6).
epoch: 001		acc: 0.6668		nmi: 0.2511		ari: 0.2654		f1: 0.6627		
epoch: 002		acc: 0.5230		nmi: 0.3397		ari: 0.2989		f1: 0.4520		
epoch: 003		acc: 0.6076		nmi: 0.4450		ari: 0.4087		f1: 0.5114		
epoch: 004		acc: 0.6288		nmi: 0.3906		ari: 0.3792		f1: 0.5075		
epoch: 005		acc: 0.6241		nmi: 0.3561		ari: 0.3350		f1: 0.4990		
epoch: 006		acc: 0.6241		nmi: 0.3759		ari: 0.3439		f1: 0.5017		
epoch: 007		acc: 0.6162		nmi: 0.3907		ari: 0.3589		f1: 0.4999		
epoch: 008		acc: 0.6869		nmi: 0.4585		ari: 0.3894		f1: 0.6798		
epoch: 009		acc: 0.7732		nmi: 0.5375		ari: 0.5124		f1: 0.7632		
epoch: 010		acc: 0.8347		nmi: 0.5806		ari: 0.5991		f1: 0.8307		
epoch: 011		acc: 0.8456		nmi: 0.5915		ari: 0.6174		f1: 0.8426		
epoch: 012		acc: 0.8334		nmi: 0.5866		ari: 0.5987		f1: 0.8289		
epoch: 013		acc: 0.8526		nmi: 0.5889		ari: 0.6271		f1: 0.8489		
epoch: 014		acc: 0.8417		nmi: 0.5877		ari: 0.6103		f1: 0.8354		
epoch: 015		acc: 0.8466		nmi: 0.5993		ari: 0.6206		f1: 0.8424		
epoch: 016		acc: 0.8707		nmi: 0.6203		ari: 0.6639		f1: 0.8700		
epoch: 017		acc: 0.8509		nmi: 0.6090		ari: 0.6284		f1: 0.8468		
epoch: 018		acc: 0.8509		nmi: 0.6088		ari: 0.6280		f1: 0.8459		
epoch: 019		acc: 0.8721		nmi: 0.6277		ari: 0.6668		f1: 0.8701		
epoch: 020		acc: 0.8598		nmi: 0.6218		ari: 0.6452		f1: 0.8567		
epoch: 021		acc: 0.8595		nmi: 0.6078		ari: 0.6400		f1: 0.8554		
epoch: 022		acc: 0.8565		nmi: 0.6113		ari: 0.6371		f1: 0.8518		
epoch: 023		acc: 0.8694		nmi: 0.6239		ari: 0.6618		f1: 0.8673		
epoch: 024		acc: 0.8602		nmi: 0.6099		ari: 0.6424		f1: 0.8558		
epoch: 025		acc: 0.8516		nmi: 0.6049		ari: 0.6279		f1: 0.8458		
epoch: 026		acc: 0.8760		nmi: 0.6230		ari: 0.6735		f1: 0.8742		
epoch: 027		acc: 0.8350		nmi: 0.5903		ari: 0.5997		f1: 0.8272		
epoch: 028		acc: 0.8608		nmi: 0.6019		ari: 0.6413		f1: 0.8566		
epoch: 029		acc: 0.8744		nmi: 0.6254		ari: 0.6711		f1: 0.8721		
epoch: 030		acc: 0.8542		nmi: 0.6065		ari: 0.6327		f1: 0.8496		
epoch: 031		acc: 0.8582		nmi: 0.6008		ari: 0.6372		f1: 0.8536		
epoch: 032		acc: 0.8651		nmi: 0.6095		ari: 0.6510		f1: 0.8617		
epoch: 033		acc: 0.8585		nmi: 0.6101		ari: 0.6405		f1: 0.8544		
epoch: 034		acc: 0.8638		nmi: 0.6087		ari: 0.6489		f1: 0.8604		
epoch: 035		acc: 0.8631		nmi: 0.6054		ari: 0.6468		f1: 0.8596		
epoch: 036		acc: 0.8529		nmi: 0.5988		ari: 0.6287		f1: 0.8478		
epoch: 037		acc: 0.8569		nmi: 0.6017		ari: 0.6358		f1: 0.8528		
epoch: 038		acc: 0.8638		nmi: 0.6070		ari: 0.6484		f1: 0.8606		
epoch: 039		acc: 0.8526		nmi: 0.5934		ari: 0.6268		f1: 0.8479		
epoch: 040		acc: 0.8440		nmi: 0.5842		ari: 0.6113		f1: 0.8381		
epoch: 041		acc: 0.8598		nmi: 0.6021		ari: 0.6407		f1: 0.8563		
epoch: 042		acc: 0.8588		nmi: 0.5990		ari: 0.6385		f1: 0.8553		
epoch: 043		acc: 0.8443		nmi: 0.5837		ari: 0.6118		f1: 0.8386		
epoch: 044		acc: 0.8463		nmi: 0.5847		ari: 0.6150		f1: 0.8410		
epoch: 045		acc: 0.8565		nmi: 0.5962		ari: 0.6341		f1: 0.8528		
epoch: 046		acc: 0.8483		nmi: 0.5849		ari: 0.6183		f1: 0.8435		
epoch: 047		acc: 0.8423		nmi: 0.5790		ari: 0.6078		f1: 0.8366		
epoch: 048		acc: 0.8460		nmi: 0.5813		ari: 0.6138		f1: 0.8409		
epoch: 049		acc: 0.8509		nmi: 0.5888		ari: 0.6235		f1: 0.8468		
epoch: 050		acc: 0.8426		nmi: 0.5787		ari: 0.6081		f1: 0.8371		
==========正在绘图==========
==========绘图结束==========
The .pdf image was saved to: ./img/clustering/SDCN/acm/acm.PDF
Time assuming: 31.54s or 0.53m
Total loops: 1
Mean value:
acc: 0.8760±0.0000		nmi: 0.6230±0.0000		ari: 0.6735±0.0000		f1: 0.8742±0.0000
Training over! Punch out!
