The key points of this experiment: 复现SDCN
Namespace(clustering_tsne_save_path='./img/clustering/SDCN/acm/', clusters=3, dataset_name='acm', dataset_path='./', device='cuda', feature_heatmap_save_path='./img/heatmap/SDCN/acm/', input_dim=1870, is_change_root_path=False, is_pretrain=False, k=None, log_save_path='./logs/SDCN/acm/', loops=1, lr=0.001, max_epoch=50, model_name='SDCN', plot_clustering_tsne=True, plot_embedding_heatmap=False, pretrain_epochs=30, pretrain_save_path='./pretrain/pretrain_ae/SDCN/acm/', t=2, update_interval=1)
Training loop No.1
The total number of parameters is: 6.62294M(1e6).
epoch: 001		acc: 0.5712		nmi: 0.2158		ari: 0.2184		f1: 0.5508		
epoch: 002		acc: 0.6142		nmi: 0.3679		ari: 0.3234		f1: 0.5446		
epoch: 003		acc: 0.6413		nmi: 0.3648		ari: 0.3411		f1: 0.5798		
epoch: 004		acc: 0.6486		nmi: 0.3731		ari: 0.3629		f1: 0.5881		
epoch: 005		acc: 0.6701		nmi: 0.4009		ari: 0.3871		f1: 0.6270		
epoch: 006		acc: 0.6777		nmi: 0.4375		ari: 0.4135		f1: 0.6380		
epoch: 007		acc: 0.6602		nmi: 0.4659		ari: 0.4320		f1: 0.6084		
epoch: 008		acc: 0.6496		nmi: 0.4884		ari: 0.4456		f1: 0.5887		
epoch: 009		acc: 0.7322		nmi: 0.5021		ari: 0.4625		f1: 0.7161		
epoch: 010		acc: 0.8698		nmi: 0.6031		ari: 0.6569		f1: 0.8688		
epoch: 011		acc: 0.8704		nmi: 0.6138		ari: 0.6612		f1: 0.8686		
epoch: 012		acc: 0.8674		nmi: 0.6117		ari: 0.6558		f1: 0.8658		
epoch: 013		acc: 0.8532		nmi: 0.5999		ari: 0.6296		f1: 0.8501		
epoch: 014		acc: 0.8516		nmi: 0.5970		ari: 0.6254		f1: 0.8479		
epoch: 015		acc: 0.8625		nmi: 0.6161		ari: 0.6484		f1: 0.8605		
epoch: 016		acc: 0.8453		nmi: 0.6004		ari: 0.6175		f1: 0.8401		
epoch: 017		acc: 0.8598		nmi: 0.6203		ari: 0.6449		f1: 0.8565		
epoch: 018		acc: 0.8704		nmi: 0.6295		ari: 0.6650		f1: 0.8682		
epoch: 019		acc: 0.8506		nmi: 0.6049		ari: 0.6261		f1: 0.8449		
epoch: 020		acc: 0.8833		nmi: 0.6511		ari: 0.6927		f1: 0.8823		
epoch: 021		acc: 0.8582		nmi: 0.6044		ari: 0.6378		f1: 0.8538		
epoch: 022		acc: 0.8555		nmi: 0.6101		ari: 0.6357		f1: 0.8507		
epoch: 023		acc: 0.8790		nmi: 0.6405		ari: 0.6826		f1: 0.8775		
epoch: 024		acc: 0.8572		nmi: 0.6008		ari: 0.6356		f1: 0.8530		
epoch: 025		acc: 0.8443		nmi: 0.5908		ari: 0.6135		f1: 0.8386		
epoch: 026		acc: 0.8661		nmi: 0.6247		ari: 0.6565		f1: 0.8637		
epoch: 027		acc: 0.8674		nmi: 0.6174		ari: 0.6572		f1: 0.8649		
epoch: 028		acc: 0.8473		nmi: 0.5924		ari: 0.6182		f1: 0.8422		
epoch: 029		acc: 0.8506		nmi: 0.6031		ari: 0.6263		f1: 0.8465		
epoch: 030		acc: 0.8638		nmi: 0.6099		ari: 0.6493		f1: 0.8613		
epoch: 031		acc: 0.8588		nmi: 0.6031		ari: 0.6396		f1: 0.8557		
epoch: 032		acc: 0.8499		nmi: 0.5949		ari: 0.6235		f1: 0.8460		
epoch: 033		acc: 0.8602		nmi: 0.6048		ari: 0.6421		f1: 0.8574		
epoch: 034		acc: 0.8588		nmi: 0.6009		ari: 0.6390		f1: 0.8559		
epoch: 035		acc: 0.8536		nmi: 0.5958		ari: 0.6294		f1: 0.8501		
epoch: 036		acc: 0.8545		nmi: 0.5973		ari: 0.6315		f1: 0.8512		
epoch: 037		acc: 0.8549		nmi: 0.5949		ari: 0.6310		f1: 0.8516		
epoch: 038		acc: 0.8539		nmi: 0.5950		ari: 0.6295		f1: 0.8503		
epoch: 039		acc: 0.8519		nmi: 0.5923		ari: 0.6258		f1: 0.8483		
epoch: 040		acc: 0.8526		nmi: 0.5930		ari: 0.6270		f1: 0.8488		
epoch: 041		acc: 0.8496		nmi: 0.5888		ari: 0.6213		f1: 0.8455		
epoch: 042		acc: 0.8519		nmi: 0.5899		ari: 0.6253		f1: 0.8484		
epoch: 043		acc: 0.8476		nmi: 0.5830		ari: 0.6164		f1: 0.8435		
epoch: 044		acc: 0.8476		nmi: 0.5852		ari: 0.6177		f1: 0.8438		
epoch: 045		acc: 0.8473		nmi: 0.5822		ari: 0.6161		f1: 0.8434		
epoch: 046		acc: 0.8489		nmi: 0.5826		ari: 0.6186		f1: 0.8452		
epoch: 047		acc: 0.8403		nmi: 0.5733		ari: 0.6036		f1: 0.8356		
epoch: 048		acc: 0.8512		nmi: 0.5861		ari: 0.6234		f1: 0.8481		
epoch: 049		acc: 0.8430		nmi: 0.5766		ari: 0.6078		f1: 0.8383		
epoch: 050		acc: 0.8486		nmi: 0.5840		ari: 0.6188		f1: 0.8451		
==========正在绘图==========
