The key points of this experiment: 复现SDCN
Namespace(clustering_tsne_save_path='./img/clustering/pretrain_ae_for_sdcn/cora/', clusters=7, dataset_name='cora', dataset_path='./', device='cuda', feature_heatmap_save_path='./img/heatmap/pretrain_ae_for_sdcn/cora/', input_dim=1433, is_change_root_path=False, is_pretrain=True, k=None, log_save_path='./logs/pretrain_ae_for_sdcn/cora/', loops=1, lr=0.001, max_epoch=50, model_name='pretrain_ae_for_sdcn', plot_clustering_tsne=False, plot_embedding_heatmap=False, pretrain_epochs=30, pretrain_save_path='./pretrain/pretrain_ae/SDCN/cora/', t=2, update_interval=1)
Training loop 1
The pretrain .pkl file will be saved to the path: ./pretrain/pretrain_ae/SDCN/cora/cora.pkl
AE(
  (enc_1): Linear(in_features=1433, out_features=500, bias=True)
  (enc_2): Linear(in_features=500, out_features=500, bias=True)
  (enc_3): Linear(in_features=500, out_features=2000, bias=True)
  (z_layer): Linear(in_features=2000, out_features=10, bias=True)
  (dec_1): Linear(in_features=10, out_features=2000, bias=True)
  (dec_2): Linear(in_features=2000, out_features=500, bias=True)
  (dec_3): Linear(in_features=500, out_features=500, bias=True)
  (x_bar_layer): Linear(in_features=500, out_features=1433, bias=True)
)
epoch: 001		acc: 0.2123		nmi: 0.0295		ari: 0.0160		f1: 0.1967		
epoch: 002		acc: 0.1791		nmi: 0.0180		ari: 0.0017		f1: 0.1701		
epoch: 003		acc: 0.1769		nmi: 0.0130		ari: 0.0014		f1: 0.1706		
epoch: 004		acc: 0.1917		nmi: 0.0243		ari: 0.0052		f1: 0.1814		
epoch: 005		acc: 0.1917		nmi: 0.0254		ari: 0.0054		f1: 0.1828		
epoch: 006		acc: 0.2101		nmi: 0.0348		ari: 0.0126		f1: 0.1869		
epoch: 007		acc: 0.2559		nmi: 0.0763		ari: 0.0318		f1: 0.2156		
epoch: 008		acc: 0.2648		nmi: 0.0924		ari: 0.0396		f1: 0.2276		
epoch: 009		acc: 0.2581		nmi: 0.1144		ari: 0.0516		f1: 0.2127		
epoch: 010		acc: 0.2629		nmi: 0.1331		ari: 0.0638		f1: 0.2191		
epoch: 011		acc: 0.2917		nmi: 0.1305		ari: 0.0589		f1: 0.2492		
epoch: 012		acc: 0.3822		nmi: 0.1651		ari: 0.1204		f1: 0.3365		
epoch: 013		acc: 0.4021		nmi: 0.1723		ari: 0.1191		f1: 0.3591		
epoch: 014		acc: 0.4199		nmi: 0.1821		ari: 0.1352		f1: 0.3740		
epoch: 015		acc: 0.3874		nmi: 0.1735		ari: 0.1235		f1: 0.3444		
epoch: 016		acc: 0.3918		nmi: 0.1661		ari: 0.1237		f1: 0.3485		
epoch: 017		acc: 0.4007		nmi: 0.1724		ari: 0.1324		f1: 0.3563		
epoch: 018		acc: 0.4298		nmi: 0.2079		ari: 0.1654		f1: 0.3766		
epoch: 019		acc: 0.4328		nmi: 0.2175		ari: 0.1714		f1: 0.3797		
epoch: 020		acc: 0.4446		nmi: 0.2308		ari: 0.1822		f1: 0.3881		
epoch: 021		acc: 0.4579		nmi: 0.2401		ari: 0.1910		f1: 0.4053		
epoch: 022		acc: 0.4553		nmi: 0.2282		ari: 0.1840		f1: 0.4051		
epoch: 023		acc: 0.4535		nmi: 0.2262		ari: 0.1847		f1: 0.3946		
epoch: 024		acc: 0.4553		nmi: 0.2297		ari: 0.1910		f1: 0.3969		
epoch: 025		acc: 0.4527		nmi: 0.2283		ari: 0.1890		f1: 0.3947		
epoch: 026		acc: 0.4520		nmi: 0.2356		ari: 0.1934		f1: 0.3952		
epoch: 027		acc: 0.4520		nmi: 0.2434		ari: 0.1985		f1: 0.3934		
epoch: 028		acc: 0.4483		nmi: 0.2092		ari: 0.1735		f1: 0.3962		
epoch: 029		acc: 0.4516		nmi: 0.2398		ari: 0.1957		f1: 0.3941		
epoch: 030		acc: 0.4830		nmi: 0.2427		ari: 0.2033		f1: 0.4293		
Time assuming: 21.92s or 0.37m
Total loops: 1
Mean value:
acc: 0.4830±0.0000		nmi: 0.2427±0.0000		ari: 0.2033±0.0000		f1: 0.4293±0.0000
Training over! Punch out!
